<?xml version="1.0"?>
<!DOCTYPE coverage SYSTEM "http://cobertura.sourceforge.net/xml/coverage-04.dtd">

<coverage line-rate="0.5955882352941176" branch-rate="0.3235294117647059" lines-covered="324" lines-valid="544" branches-covered="44" branches-valid="136" complexity="1.7459016393442623" version="2.1.1" timestamp="1501421621610">
	<sources>
		<source>--source</source>
		<source>/home/patrice/git/fakemailserver/target/generated-sources/annotations</source>
		<source>/home/patrice/git/fakemailserver/src/main/java</source>
	</sources>
	<packages>
		<package name="org.legurun.test.fakemailserver.config" line-rate="0.4946808510638298" branch-rate="0.5" complexity="1.0666666666666667">
			<classes>
				<class name="org.legurun.test.fakemailserver.config.AppInitializer" filename="org/legurun/test/fakemailserver/config/AppInitializer.java" line-rate="0.0" branch-rate="1.0" complexity="1.0">
					<methods>
						<method name="&lt;clinit&gt;" signature="()V" line-rate="0.0" branch-rate="1.0" complexity="0">
							<lines>
								<line number="42" hits="0" branch="false"/>
								<line number="43" hits="0" branch="false"/>
							</lines>
						</method>
						<method name="&lt;init&gt;" signature="()V" line-rate="0.0" branch-rate="1.0" complexity="0">
							<lines>
								<line number="37" hits="0" branch="false"/>
							</lines>
						</method>
						<method name="getRootConfigClasses" signature="()[Ljava/lang/Class;" line-rate="0.0" branch-rate="1.0" complexity="0">
							<lines>
								<line number="50" hits="0" branch="false"/>
								<line number="51" hits="0" branch="false"/>
								<line number="52" hits="0" branch="false"/>
								<line number="53" hits="0" branch="false"/>
							</lines>
						</method>
						<method name="getServletConfigClasses" signature="()[Ljava/lang/Class;" line-rate="0.0" branch-rate="1.0" complexity="0">
							<lines>
								<line number="62" hits="0" branch="false"/>
								<line number="63" hits="0" branch="false"/>
							</lines>
						</method>
						<method name="getServletFilters" signature="()[Ljavax/servlet/Filter;" line-rate="0.0" branch-rate="1.0" complexity="0">
							<lines>
								<line number="82" hits="0" branch="false"/>
								<line number="83" hits="0" branch="false"/>
								<line number="84" hits="0" branch="false"/>
								<line number="85" hits="0" branch="false"/>
							</lines>
						</method>
						<method name="getServletMappings" signature="()[Ljava/lang/String;" line-rate="0.0" branch-rate="1.0" complexity="0">
							<lines>
								<line number="72" hits="0" branch="false"/>
								<line number="73" hits="0" branch="false"/>
							</lines>
						</method>
						<method name="onStartup" signature="(Ljavax/servlet/ServletContext;)V" line-rate="0.0" branch-rate="1.0" complexity="0">
							<lines>
								<line number="95" hits="0" branch="false"/>
								<line number="96" hits="0" branch="false"/>
								<line number="97" hits="0" branch="false"/>
								<line number="98" hits="0" branch="false"/>
							</lines>
						</method>
					</methods>
					<lines>
						<line number="37" hits="0" branch="false"/>
						<line number="42" hits="0" branch="false"/>
						<line number="43" hits="0" branch="false"/>
						<line number="50" hits="0" branch="false"/>
						<line number="51" hits="0" branch="false"/>
						<line number="52" hits="0" branch="false"/>
						<line number="53" hits="0" branch="false"/>
						<line number="62" hits="0" branch="false"/>
						<line number="63" hits="0" branch="false"/>
						<line number="72" hits="0" branch="false"/>
						<line number="73" hits="0" branch="false"/>
						<line number="82" hits="0" branch="false"/>
						<line number="83" hits="0" branch="false"/>
						<line number="84" hits="0" branch="false"/>
						<line number="85" hits="0" branch="false"/>
						<line number="95" hits="0" branch="false"/>
						<line number="96" hits="0" branch="false"/>
						<line number="97" hits="0" branch="false"/>
						<line number="98" hits="0" branch="false"/>
					</lines>
				</class>
				<class name="org.legurun.test.fakemailserver.config.CacheConfig" filename="org/legurun/test/fakemailserver/config/CacheConfig.java" line-rate="0.0" branch-rate="1.0" complexity="1.0">
					<methods>
						<method name="&lt;clinit&gt;" signature="()V" line-rate="0.0" branch-rate="1.0" complexity="0">
							<lines>
								<line number="44" hits="0" branch="false"/>
								<line number="45" hits="0" branch="false"/>
							</lines>
						</method>
						<method name="&lt;init&gt;" signature="()V" line-rate="0.0" branch-rate="1.0" complexity="0">
							<lines>
								<line number="40" hits="0" branch="false"/>
							</lines>
						</method>
						<method name="cacheManager" signature="()Lorg/springframework/cache/CacheManager;" line-rate="0.0" branch-rate="1.0" complexity="0">
							<lines>
								<line number="54" hits="0" branch="false"/>
								<line number="55" hits="0" branch="false"/>
								<line number="56" hits="0" branch="false"/>
								<line number="57" hits="0" branch="false"/>
								<line number="58" hits="0" branch="false"/>
							</lines>
						</method>
						<method name="jcacheManager" signature="()Lorg/springframework/cache/jcache/JCacheManagerFactoryBean;" line-rate="0.0" branch-rate="1.0" complexity="0">
							<lines>
								<line number="68" hits="0" branch="false"/>
								<line number="69" hits="0" branch="false"/>
								<line number="70" hits="0" branch="false"/>
								<line number="71" hits="0" branch="false"/>
								<line number="72" hits="0" branch="false"/>
								<line number="73" hits="0" branch="false"/>
							</lines>
						</method>
					</methods>
					<lines>
						<line number="40" hits="0" branch="false"/>
						<line number="44" hits="0" branch="false"/>
						<line number="45" hits="0" branch="false"/>
						<line number="54" hits="0" branch="false"/>
						<line number="55" hits="0" branch="false"/>
						<line number="56" hits="0" branch="false"/>
						<line number="57" hits="0" branch="false"/>
						<line number="58" hits="0" branch="false"/>
						<line number="68" hits="0" branch="false"/>
						<line number="69" hits="0" branch="false"/>
						<line number="70" hits="0" branch="false"/>
						<line number="71" hits="0" branch="false"/>
						<line number="72" hits="0" branch="false"/>
						<line number="73" hits="0" branch="false"/>
					</lines>
				</class>
				<class name="org.legurun.test.fakemailserver.config.MelodyConfig" filename="org/legurun/test/fakemailserver/config/MelodyConfig.java" line-rate="0.0" branch-rate="1.0" complexity="1.0">
					<methods>
						<method name="&lt;clinit&gt;" signature="()V" line-rate="0.0" branch-rate="1.0" complexity="0">
							<lines>
								<line number="48" hits="0" branch="false"/>
								<line number="49" hits="0" branch="false"/>
							</lines>
						</method>
						<method name="&lt;init&gt;" signature="()V" line-rate="0.0" branch-rate="1.0" complexity="0">
							<lines>
								<line number="44" hits="0" branch="false"/>
							</lines>
						</method>
						<method name="javaMelodyFilter" signature="()Ljavax/servlet/Filter;" line-rate="0.0" branch-rate="1.0" complexity="0">
							<lines>
								<line number="146" hits="0" branch="false"/>
								<line number="147" hits="0" branch="false"/>
							</lines>
						</method>
						<method name="javaMelodyListener" signature="()Ljavax/servlet/http/HttpSessionListener;" line-rate="0.0" branch-rate="1.0" complexity="0">
							<lines>
								<line number="136" hits="0" branch="false"/>
								<line number="137" hits="0" branch="false"/>
							</lines>
						</method>
						<method name="javamelodySpringContext" signature="()Lnet/bull/javamelody/SpringContext;" line-rate="0.0" branch-rate="1.0" complexity="0">
							<lines>
								<line number="70" hits="0" branch="false"/>
								<line number="71" hits="0" branch="false"/>
							</lines>
						</method>
						<method name="monitoringDataSourceFactoryBean" signature="()Lnet/bull/javamelody/SpringDataSourceFactoryBean;" line-rate="0.0" branch-rate="1.0" complexity="0">
							<lines>
								<line number="57" hits="0" branch="false"/>
								<line number="58" hits="0" branch="false"/>
								<line number="59" hits="0" branch="false"/>
								<line number="60" hits="0" branch="false"/>
								<line number="61" hits="0" branch="false"/>
							</lines>
						</method>
						<method name="springControllerMonitoringAdvisor" signature="()Lnet/bull/javamelody/MonitoringSpringAdvisor;" line-rate="0.0" branch-rate="1.0" complexity="0">
							<lines>
								<line number="108" hits="0" branch="false"/>
								<line number="109" hits="0" branch="false"/>
								<line number="110" hits="0" branch="false"/>
								<line number="111" hits="0" branch="false"/>
								<line number="112" hits="0" branch="false"/>
								<line number="113" hits="0" branch="false"/>
							</lines>
						</method>
						<method name="springRepositoryMonitoringAdvisor" signature="()Lnet/bull/javamelody/MonitoringSpringAdvisor;" line-rate="0.0" branch-rate="1.0" complexity="0">
							<lines>
								<line number="94" hits="0" branch="false"/>
								<line number="95" hits="0" branch="false"/>
								<line number="96" hits="0" branch="false"/>
								<line number="97" hits="0" branch="false"/>
								<line number="98" hits="0" branch="false"/>
								<line number="99" hits="0" branch="false"/>
							</lines>
						</method>
						<method name="springRestControllerMonitoringAdvisor" signature="()Lnet/bull/javamelody/MonitoringSpringAdvisor;" line-rate="0.0" branch-rate="1.0" complexity="0">
							<lines>
								<line number="122" hits="0" branch="false"/>
								<line number="123" hits="0" branch="false"/>
								<line number="124" hits="0" branch="false"/>
								<line number="125" hits="0" branch="false"/>
								<line number="126" hits="0" branch="false"/>
								<line number="127" hits="0" branch="false"/>
							</lines>
						</method>
						<method name="springServiceMonitoringAdvisor" signature="()Lnet/bull/javamelody/MonitoringSpringAdvisor;" line-rate="0.0" branch-rate="1.0" complexity="0">
							<lines>
								<line number="80" hits="0" branch="false"/>
								<line number="81" hits="0" branch="false"/>
								<line number="82" hits="0" branch="false"/>
								<line number="83" hits="0" branch="false"/>
								<line number="84" hits="0" branch="false"/>
								<line number="85" hits="0" branch="false"/>
							</lines>
						</method>
					</methods>
					<lines>
						<line number="44" hits="0" branch="false"/>
						<line number="48" hits="0" branch="false"/>
						<line number="49" hits="0" branch="false"/>
						<line number="57" hits="0" branch="false"/>
						<line number="58" hits="0" branch="false"/>
						<line number="59" hits="0" branch="false"/>
						<line number="60" hits="0" branch="false"/>
						<line number="61" hits="0" branch="false"/>
						<line number="70" hits="0" branch="false"/>
						<line number="71" hits="0" branch="false"/>
						<line number="80" hits="0" branch="false"/>
						<line number="81" hits="0" branch="false"/>
						<line number="82" hits="0" branch="false"/>
						<line number="83" hits="0" branch="false"/>
						<line number="84" hits="0" branch="false"/>
						<line number="85" hits="0" branch="false"/>
						<line number="94" hits="0" branch="false"/>
						<line number="95" hits="0" branch="false"/>
						<line number="96" hits="0" branch="false"/>
						<line number="97" hits="0" branch="false"/>
						<line number="98" hits="0" branch="false"/>
						<line number="99" hits="0" branch="false"/>
						<line number="108" hits="0" branch="false"/>
						<line number="109" hits="0" branch="false"/>
						<line number="110" hits="0" branch="false"/>
						<line number="111" hits="0" branch="false"/>
						<line number="112" hits="0" branch="false"/>
						<line number="113" hits="0" branch="false"/>
						<line number="122" hits="0" branch="false"/>
						<line number="123" hits="0" branch="false"/>
						<line number="124" hits="0" branch="false"/>
						<line number="125" hits="0" branch="false"/>
						<line number="126" hits="0" branch="false"/>
						<line number="127" hits="0" branch="false"/>
						<line number="136" hits="0" branch="false"/>
						<line number="137" hits="0" branch="false"/>
						<line number="146" hits="0" branch="false"/>
						<line number="147" hits="0" branch="false"/>
					</lines>
				</class>
				<class name="org.legurun.test.fakemailserver.config.RepositoryConfig" filename="org/legurun/test/fakemailserver/config/RepositoryConfig.java" line-rate="0.8771929824561403" branch-rate="0.5" complexity="1.2857142857142858">
					<methods>
						<method name="&lt;clinit&gt;" signature="()V" line-rate="1.0" branch-rate="1.0" complexity="0">
							<lines>
								<line number="63" hits="5" branch="false"/>
								<line number="64" hits="4" branch="false"/>
							</lines>
						</method>
						<method name="&lt;init&gt;" signature="()V" line-rate="1.0" branch-rate="1.0" complexity="0">
							<lines>
								<line number="59" hits="6" branch="false"/>
							</lines>
						</method>
						<method name="dataSource" signature="()Ljavax/sql/DataSource;" line-rate="1.0" branch-rate="1.0" complexity="0">
							<lines>
								<line number="78" hits="6" branch="false"/>
								<line number="79" hits="6" branch="false"/>
								<line number="80" hits="12" branch="false"/>
								<line number="81" hits="6" branch="false"/>
								<line number="82" hits="6" branch="false"/>
								<line number="83" hits="12" branch="false"/>
								<line number="84" hits="6" branch="false"/>
								<line number="85" hits="12" branch="false"/>
								<line number="86" hits="6" branch="false"/>
								<line number="87" hits="12" branch="false"/>
								<line number="88" hits="6" branch="false"/>
								<line number="89" hits="6" branch="false"/>
							</lines>
						</method>
						<method name="entityManagerFactoryBean" signature="()Lorg/springframework/orm/jpa/LocalContainerEntityManagerFactoryBean;" line-rate="1.0" branch-rate="1.0" complexity="0">
							<lines>
								<line number="115" hits="6" branch="false"/>
								<line number="116" hits="6" branch="false"/>
								<line number="117" hits="2" branch="false"/>
								<line number="118" hits="6" branch="false"/>
								<line number="119" hits="6" branch="false"/>
								<line number="120" hits="8" branch="false"/>
								<line number="121" hits="2" branch="false"/>
								<line number="122" hits="6" branch="false"/>
								<line number="123" hits="6" branch="false"/>
								<line number="124" hits="6" branch="false"/>
							</lines>
						</method>
						<method name="jpaProperties" signature="()Ljava/util/Properties;" line-rate="0.9047619047619048" branch-rate="0.5" complexity="0">
							<lines>
								<line number="144" hits="6" branch="false"/>
								<line number="145" hits="6" branch="false"/>
								<line number="146" hits="12" branch="false"/>
								<line number="147" hits="6" branch="false"/>
								<line number="148" hits="12" branch="false"/>
								<line number="149" hits="6" branch="false"/>
								<line number="150" hits="12" branch="false"/>
								<line number="151" hits="6" branch="false"/>
								<line number="152" hits="12" branch="false"/>
								<line number="153" hits="8" branch="false"/>
								<line number="154" hits="2" branch="false"/>
								<line number="155" hits="12" branch="false"/>
								<line number="156" hits="6" branch="false"/>
								<line number="157" hits="6" branch="true" condition-coverage="50 % (1/2)">
									<conditions>
										<condition number="0" type="jump" coverage="50 %"/>
									</conditions>
								</line>
								<line number="159" hits="0" branch="false"/>
								<line number="160" hits="0" branch="false"/>
								<line number="162" hits="8" branch="false"/>
								<line number="163" hits="2" branch="false"/>
								<line number="164" hits="6" branch="false"/>
								<line number="165" hits="6" branch="false"/>
								<line number="166" hits="6" branch="false"/>
							</lines>
						</method>
						<method name="jpaVendorAdapter" signature="()Lorg/springframework/orm/jpa/JpaVendorAdapter;" line-rate="1.0" branch-rate="1.0" complexity="0">
							<lines>
								<line number="133" hits="6" branch="false"/>
								<line number="134" hits="6" branch="false"/>
							</lines>
						</method>
						<method name="liquibase" signature="()Lliquibase/integration/spring/SpringLiquibase;" line-rate="0.0" branch-rate="1.0" complexity="0">
							<lines>
								<line number="176" hits="0" branch="false"/>
								<line number="177" hits="0" branch="false"/>
								<line number="178" hits="0" branch="false"/>
								<line number="179" hits="0" branch="false"/>
								<line number="180" hits="0" branch="false"/>
							</lines>
						</method>
						<method name="transactionManager" signature="(Ljavax/persistence/EntityManagerFactory;)Lorg/springframework/orm/jpa/JpaTransactionManager;" line-rate="1.0" branch-rate="1.0" complexity="0">
							<lines>
								<line number="101" hits="6" branch="false"/>
								<line number="102" hits="6" branch="false"/>
								<line number="103" hits="6" branch="false"/>
								<line number="104" hits="6" branch="false"/>
							</lines>
						</method>
					</methods>
					<lines>
						<line number="59" hits="6" branch="false"/>
						<line number="63" hits="5" branch="false"/>
						<line number="64" hits="4" branch="false"/>
						<line number="78" hits="6" branch="false"/>
						<line number="79" hits="6" branch="false"/>
						<line number="80" hits="12" branch="false"/>
						<line number="81" hits="6" branch="false"/>
						<line number="82" hits="6" branch="false"/>
						<line number="83" hits="12" branch="false"/>
						<line number="84" hits="6" branch="false"/>
						<line number="85" hits="12" branch="false"/>
						<line number="86" hits="6" branch="false"/>
						<line number="87" hits="12" branch="false"/>
						<line number="88" hits="6" branch="false"/>
						<line number="89" hits="6" branch="false"/>
						<line number="101" hits="6" branch="false"/>
						<line number="102" hits="6" branch="false"/>
						<line number="103" hits="6" branch="false"/>
						<line number="104" hits="6" branch="false"/>
						<line number="115" hits="6" branch="false"/>
						<line number="116" hits="6" branch="false"/>
						<line number="117" hits="2" branch="false"/>
						<line number="118" hits="6" branch="false"/>
						<line number="119" hits="6" branch="false"/>
						<line number="120" hits="8" branch="false"/>
						<line number="121" hits="2" branch="false"/>
						<line number="122" hits="6" branch="false"/>
						<line number="123" hits="6" branch="false"/>
						<line number="124" hits="6" branch="false"/>
						<line number="133" hits="6" branch="false"/>
						<line number="134" hits="6" branch="false"/>
						<line number="144" hits="6" branch="false"/>
						<line number="145" hits="6" branch="false"/>
						<line number="146" hits="12" branch="false"/>
						<line number="147" hits="6" branch="false"/>
						<line number="148" hits="12" branch="false"/>
						<line number="149" hits="6" branch="false"/>
						<line number="150" hits="12" branch="false"/>
						<line number="151" hits="6" branch="false"/>
						<line number="152" hits="12" branch="false"/>
						<line number="153" hits="8" branch="false"/>
						<line number="154" hits="2" branch="false"/>
						<line number="155" hits="12" branch="false"/>
						<line number="156" hits="6" branch="false"/>
						<line number="157" hits="6" branch="true" condition-coverage="50 % (1/2)">
							<conditions>
								<condition number="0" type="jump" coverage="50 %"/>
							</conditions>
						</line>
						<line number="159" hits="0" branch="false"/>
						<line number="160" hits="0" branch="false"/>
						<line number="162" hits="8" branch="false"/>
						<line number="163" hits="2" branch="false"/>
						<line number="164" hits="6" branch="false"/>
						<line number="165" hits="6" branch="false"/>
						<line number="166" hits="6" branch="false"/>
						<line number="176" hits="0" branch="false"/>
						<line number="177" hits="0" branch="false"/>
						<line number="178" hits="0" branch="false"/>
						<line number="179" hits="0" branch="false"/>
						<line number="180" hits="0" branch="false"/>
					</lines>
				</class>
				<class name="org.legurun.test.fakemailserver.config.RepositoryConfig$LiquibaseCondition" filename="org/legurun/test/fakemailserver/config/RepositoryConfig.java" line-rate="1.0" branch-rate="0.5" complexity="1.2857142857142858">
					<methods>
						<method name="&lt;init&gt;" signature="()V" line-rate="1.0" branch-rate="1.0" complexity="0">
							<lines>
								<line number="188" hits="6" branch="false"/>
							</lines>
						</method>
						<method name="matches" signature="(Lorg/springframework/context/annotation/ConditionContext;Lorg/springframework/core/type/AnnotatedTypeMetadata;)Z" line-rate="1.0" branch-rate="0.5" complexity="0">
							<lines>
								<line number="195" hits="6" branch="false"/>
								<line number="196" hits="10" branch="true" condition-coverage="50 % (1/2)">
									<conditions>
										<condition number="0" type="jump" coverage="50 %"/>
									</conditions>
								</line>
								<line number="197" hits="8" branch="true" condition-coverage="50 % (1/2)">
									<conditions>
										<condition number="0" type="jump" coverage="50 %"/>
									</conditions>
								</line>
								<line number="198" hits="8" branch="true" condition-coverage="50 % (1/2)">
									<conditions>
										<condition number="0" type="jump" coverage="50 %"/>
									</conditions>
								</line>
							</lines>
						</method>
					</methods>
					<lines>
						<line number="188" hits="6" branch="false"/>
						<line number="195" hits="6" branch="false"/>
						<line number="196" hits="10" branch="true" condition-coverage="50 % (1/2)">
							<conditions>
								<condition number="0" type="jump" coverage="50 %"/>
							</conditions>
						</line>
						<line number="197" hits="8" branch="true" condition-coverage="50 % (1/2)">
							<conditions>
								<condition number="0" type="jump" coverage="50 %"/>
							</conditions>
						</line>
						<line number="198" hits="8" branch="true" condition-coverage="50 % (1/2)">
							<conditions>
								<condition number="0" type="jump" coverage="50 %"/>
							</conditions>
						</line>
					</lines>
				</class>
				<class name="org.legurun.test.fakemailserver.config.RootConfig" filename="org/legurun/test/fakemailserver/config/RootConfig.java" line-rate="1.0" branch-rate="1.0" complexity="1.0">
					<methods>
						<method name="&lt;clinit&gt;" signature="()V" line-rate="1.0" branch-rate="1.0" complexity="0">
							<lines>
								<line number="46" hits="5" branch="false"/>
								<line number="47" hits="4" branch="false"/>
							</lines>
						</method>
						<method name="&lt;init&gt;" signature="()V" line-rate="1.0" branch-rate="1.0" complexity="0">
							<lines>
								<line number="42" hits="6" branch="false"/>
							</lines>
						</method>
						<method name="defaultAdvisorAutoProxyCreator" signature="()Lorg/springframework/aop/framework/autoproxy/DefaultAdvisorAutoProxyCreator;" line-rate="1.0" branch-rate="1.0" complexity="0">
							<lines>
								<line number="69" hits="6" branch="false"/>
								<line number="70" hits="6" branch="false"/>
							</lines>
						</method>
						<method name="messageSource" signature="()Lorg/springframework/context/MessageSource;" line-rate="1.0" branch-rate="1.0" complexity="0">
							<lines>
								<line number="55" hits="6" branch="false"/>
								<line number="56" hits="6" branch="false"/>
								<line number="57" hits="2" branch="false"/>
								<line number="58" hits="6" branch="false"/>
								<line number="59" hits="6" branch="false"/>
								<line number="60" hits="6" branch="false"/>
							</lines>
						</method>
						<method name="validator" signature="()Lorg/springframework/validation/beanvalidation/LocalValidatorFactoryBean;" line-rate="1.0" branch-rate="1.0" complexity="0">
							<lines>
								<line number="79" hits="6" branch="false"/>
								<line number="80" hits="6" branch="false"/>
							</lines>
						</method>
					</methods>
					<lines>
						<line number="42" hits="6" branch="false"/>
						<line number="46" hits="5" branch="false"/>
						<line number="47" hits="4" branch="false"/>
						<line number="55" hits="6" branch="false"/>
						<line number="56" hits="6" branch="false"/>
						<line number="57" hits="2" branch="false"/>
						<line number="58" hits="6" branch="false"/>
						<line number="59" hits="6" branch="false"/>
						<line number="60" hits="6" branch="false"/>
						<line number="69" hits="6" branch="false"/>
						<line number="70" hits="6" branch="false"/>
						<line number="79" hits="6" branch="false"/>
						<line number="80" hits="6" branch="false"/>
					</lines>
				</class>
				<class name="org.legurun.test.fakemailserver.config.SubEthaSMTPConfig" filename="org/legurun/test/fakemailserver/config/SubEthaSMTPConfig.java" line-rate="0.0" branch-rate="1.0" complexity="1.0">
					<methods>
						<method name="&lt;clinit&gt;" signature="()V" line-rate="0.0" branch-rate="1.0" complexity="0">
							<lines>
								<line number="48" hits="0" branch="false"/>
								<line number="49" hits="0" branch="false"/>
							</lines>
						</method>
						<method name="&lt;init&gt;" signature="()V" line-rate="0.0" branch-rate="1.0" complexity="0">
							<lines>
								<line number="44" hits="0" branch="false"/>
							</lines>
						</method>
						<method name="smtpServer" signature="(Lorg/legurun/test/fakemailserver/service/IEmailService;)Lorg/subethamail/smtp/server/SMTPServer;" line-rate="0.0" branch-rate="1.0" complexity="0">
							<lines>
								<line number="68" hits="0" branch="false"/>
								<line number="69" hits="0" branch="false"/>
								<line number="70" hits="0" branch="false"/>
								<line number="72" hits="0" branch="false"/>
								<line number="73" hits="0" branch="false"/>
								<line number="74" hits="0" branch="false"/>
								<line number="75" hits="0" branch="false"/>
								<line number="76" hits="0" branch="false"/>
								<line number="77" hits="0" branch="false"/>
								<line number="78" hits="0" branch="false"/>
								<line number="79" hits="0" branch="false"/>
								<line number="80" hits="0" branch="false"/>
								<line number="81" hits="0" branch="false"/>
								<line number="82" hits="0" branch="false"/>
							</lines>
						</method>
					</methods>
					<lines>
						<line number="44" hits="0" branch="false"/>
						<line number="48" hits="0" branch="false"/>
						<line number="49" hits="0" branch="false"/>
						<line number="68" hits="0" branch="false"/>
						<line number="69" hits="0" branch="false"/>
						<line number="70" hits="0" branch="false"/>
						<line number="72" hits="0" branch="false"/>
						<line number="73" hits="0" branch="false"/>
						<line number="74" hits="0" branch="false"/>
						<line number="75" hits="0" branch="false"/>
						<line number="76" hits="0" branch="false"/>
						<line number="77" hits="0" branch="false"/>
						<line number="78" hits="0" branch="false"/>
						<line number="79" hits="0" branch="false"/>
						<line number="80" hits="0" branch="false"/>
						<line number="81" hits="0" branch="false"/>
						<line number="82" hits="0" branch="false"/>
					</lines>
				</class>
				<class name="org.legurun.test.fakemailserver.config.WebMvcConfig" filename="org/legurun/test/fakemailserver/config/WebMvcConfig.java" line-rate="1.0" branch-rate="1.0" complexity="1.0">
					<methods>
						<method name="&lt;clinit&gt;" signature="()V" line-rate="1.0" branch-rate="1.0" complexity="0">
							<lines>
								<line number="48" hits="5" branch="false"/>
								<line number="49" hits="4" branch="false"/>
							</lines>
						</method>
						<method name="&lt;init&gt;" signature="()V" line-rate="1.0" branch-rate="1.0" complexity="0">
							<lines>
								<line number="44" hits="3" branch="false"/>
							</lines>
						</method>
						<method name="addFormatters" signature="(Lorg/springframework/format/FormatterRegistry;)V" line-rate="1.0" branch-rate="1.0" complexity="0">
							<lines>
								<line number="97" hits="3" branch="false"/>
								<line number="98" hits="3" branch="false"/>
								<line number="99" hits="3" branch="false"/>
							</lines>
						</method>
						<method name="addResourceHandlers" signature="(Lorg/springframework/web/servlet/config/annotation/ResourceHandlerRegistry;)V" line-rate="1.0" branch-rate="1.0" complexity="0">
							<lines>
								<line number="71" hits="3" branch="false"/>
								<line number="72" hits="3" branch="false"/>
								<line number="73" hits="3" branch="false"/>
								<line number="74" hits="4" branch="false"/>
								<line number="75" hits="1" branch="false"/>
								<line number="76" hits="3" branch="false"/>
								<line number="77" hits="3" branch="false"/>
								<line number="78" hits="3" branch="false"/>
								<line number="79" hits="3" branch="false"/>
								<line number="80" hits="3" branch="false"/>
								<line number="81" hits="3" branch="false"/>
							</lines>
						</method>
						<method name="configureDefaultServletHandling" signature="(Lorg/springframework/web/servlet/config/annotation/DefaultServletHandlerConfigurer;)V" line-rate="1.0" branch-rate="1.0" complexity="0">
							<lines>
								<line number="89" hits="3" branch="false"/>
								<line number="90" hits="3" branch="false"/>
							</lines>
						</method>
						<method name="viewResolver" signature="()Lorg/springframework/web/servlet/ViewResolver;" line-rate="1.0" branch-rate="1.0" complexity="0">
							<lines>
								<line number="57" hits="3" branch="false"/>
								<line number="58" hits="3" branch="false"/>
								<line number="59" hits="1" branch="false"/>
								<line number="60" hits="3" branch="false"/>
								<line number="61" hits="3" branch="false"/>
								<line number="62" hits="3" branch="false"/>
							</lines>
						</method>
					</methods>
					<lines>
						<line number="44" hits="3" branch="false"/>
						<line number="48" hits="5" branch="false"/>
						<line number="49" hits="4" branch="false"/>
						<line number="57" hits="3" branch="false"/>
						<line number="58" hits="3" branch="false"/>
						<line number="59" hits="1" branch="false"/>
						<line number="60" hits="3" branch="false"/>
						<line number="61" hits="3" branch="false"/>
						<line number="62" hits="3" branch="false"/>
						<line number="71" hits="3" branch="false"/>
						<line number="72" hits="3" branch="false"/>
						<line number="73" hits="3" branch="false"/>
						<line number="74" hits="4" branch="false"/>
						<line number="75" hits="1" branch="false"/>
						<line number="76" hits="3" branch="false"/>
						<line number="77" hits="3" branch="false"/>
						<line number="78" hits="3" branch="false"/>
						<line number="79" hits="3" branch="false"/>
						<line number="80" hits="3" branch="false"/>
						<line number="81" hits="3" branch="false"/>
						<line number="89" hits="3" branch="false"/>
						<line number="90" hits="3" branch="false"/>
						<line number="97" hits="3" branch="false"/>
						<line number="98" hits="3" branch="false"/>
						<line number="99" hits="3" branch="false"/>
					</lines>
				</class>
				<class name="org.legurun.test.fakemailserver.config.package-info" filename="org/legurun/test/fakemailserver/config/package-info.java" line-rate="1.0" branch-rate="1.0" complexity="0.0">
					<methods>
					</methods>
					<lines>
					</lines>
				</class>
			</classes>
		</package>
		<package name="org.legurun.test.fakemailserver.controller" line-rate="1.0" branch-rate="1.0" complexity="1.0">
			<classes>
				<class name="org.legurun.test.fakemailserver.controller.HomeController" filename="org/legurun/test/fakemailserver/controller/HomeController.java" line-rate="1.0" branch-rate="1.0" complexity="1.0">
					<methods>
						<method name="&lt;init&gt;" signature="()V" line-rate="1.0" branch-rate="1.0" complexity="0">
							<lines>
								<line number="32" hits="3" branch="false"/>
							</lines>
						</method>
						<method name="index" signature="()Ljava/lang/String;" line-rate="1.0" branch-rate="1.0" complexity="0">
							<lines>
								<line number="40" hits="3" branch="false"/>
							</lines>
						</method>
					</methods>
					<lines>
						<line number="32" hits="3" branch="false"/>
						<line number="40" hits="3" branch="false"/>
					</lines>
				</class>
				<class name="org.legurun.test.fakemailserver.controller.MailController" filename="org/legurun/test/fakemailserver/controller/MailController.java" line-rate="1.0" branch-rate="1.0" complexity="1.0">
					<methods>
						<method name="&lt;clinit&gt;" signature="()V" line-rate="1.0" branch-rate="1.0" complexity="0">
							<lines>
								<line number="44" hits="5" branch="false"/>
								<line number="45" hits="4" branch="false"/>
							</lines>
						</method>
						<method name="&lt;init&gt;" signature="()V" line-rate="1.0" branch-rate="1.0" complexity="0">
							<lines>
								<line number="40" hits="3" branch="false"/>
							</lines>
						</method>
						<method name="search" signature="(Lorg/legurun/test/fakemailserver/dto/EmailSearchCommand;)Lorg/legurun/test/fakemailserver/utils/PagedList;" line-rate="1.0" branch-rate="1.0" complexity="0">
							<lines>
								<line number="62" hits="3" branch="false"/>
								<line number="63" hits="3" branch="false"/>
							</lines>
						</method>
					</methods>
					<lines>
						<line number="40" hits="3" branch="false"/>
						<line number="44" hits="5" branch="false"/>
						<line number="45" hits="4" branch="false"/>
						<line number="62" hits="3" branch="false"/>
						<line number="63" hits="3" branch="false"/>
					</lines>
				</class>
				<class name="org.legurun.test.fakemailserver.controller.SenderController" filename="org/legurun/test/fakemailserver/controller/SenderController.java" line-rate="1.0" branch-rate="1.0" complexity="1.0">
					<methods>
						<method name="&lt;init&gt;" signature="()V" line-rate="1.0" branch-rate="1.0" complexity="0">
							<lines>
								<line number="37" hits="3" branch="false"/>
							</lines>
						</method>
						<method name="list" signature="()Ljava/util/List;" line-rate="1.0" branch-rate="1.0" complexity="0">
							<lines>
								<line number="51" hits="3" branch="false"/>
							</lines>
						</method>
					</methods>
					<lines>
						<line number="37" hits="3" branch="false"/>
						<line number="51" hits="3" branch="false"/>
					</lines>
				</class>
				<class name="org.legurun.test.fakemailserver.controller.package-info" filename="org/legurun/test/fakemailserver/controller/package-info.java" line-rate="1.0" branch-rate="1.0" complexity="0.0">
					<methods>
					</methods>
					<lines>
					</lines>
				</class>
			</classes>
		</package>
		<package name="org.legurun.test.fakemailserver.dao" line-rate="1.0" branch-rate="1.0" complexity="1.375">
			<classes>
				<class name="org.legurun.test.fakemailserver.dao.AbstractDao" filename="org/legurun/test/fakemailserver/dao/AbstractDao.java" line-rate="1.0" branch-rate="1.0" complexity="1.0">
					<methods>
						<method name="&lt;init&gt;" signature="()V" line-rate="1.0" branch-rate="1.0" complexity="0">
							<lines>
								<line number="57" hits="12" branch="false"/>
								<line number="58" hits="16" branch="false"/>
								<line number="59" hits="16" branch="false"/>
								<line number="60" hits="12" branch="false"/>
								<line number="61" hits="12" branch="false"/>
							</lines>
						</method>
						<method name="delete" signature="(Lorg/legurun/test/fakemailserver/model/AbstractEntity;)V" line-rate="1.0" branch-rate="1.0" complexity="0">
							<lines>
								<line number="93" hits="6" branch="false"/>
								<line number="94" hits="6" branch="false"/>
							</lines>
						</method>
						<method name="get" signature="(Ljava/lang/Long;)Lorg/legurun/test/fakemailserver/model/AbstractEntity;" line-rate="1.0" branch-rate="1.0" complexity="0">
							<lines>
								<line number="77" hits="6" branch="false"/>
							</lines>
						</method>
						<method name="getEntityManager" signature="()Ljavax/persistence/EntityManager;" line-rate="1.0" branch-rate="1.0" complexity="0">
							<lines>
								<line number="68" hits="117" branch="false"/>
							</lines>
						</method>
						<method name="list" signature="()Ljava/util/List;" line-rate="1.0" branch-rate="1.0" complexity="0">
							<lines>
								<line number="101" hits="12" branch="false"/>
								<line number="102" hits="12" branch="false"/>
								<line number="103" hits="12" branch="false"/>
								<line number="104" hits="12" branch="false"/>
								<line number="105" hits="12" branch="false"/>
								<line number="106" hits="12" branch="false"/>
							</lines>
						</method>
						<method name="persist" signature="(Lorg/legurun/test/fakemailserver/model/AbstractEntity;)V" line-rate="1.0" branch-rate="1.0" complexity="0">
							<lines>
								<line number="85" hits="6" branch="false"/>
								<line number="86" hits="6" branch="false"/>
							</lines>
						</method>
					</methods>
					<lines>
						<line number="57" hits="12" branch="false"/>
						<line number="58" hits="16" branch="false"/>
						<line number="59" hits="16" branch="false"/>
						<line number="60" hits="12" branch="false"/>
						<line number="61" hits="12" branch="false"/>
						<line number="68" hits="117" branch="false"/>
						<line number="77" hits="6" branch="false"/>
						<line number="85" hits="6" branch="false"/>
						<line number="86" hits="6" branch="false"/>
						<line number="93" hits="6" branch="false"/>
						<line number="94" hits="6" branch="false"/>
						<line number="101" hits="12" branch="false"/>
						<line number="102" hits="12" branch="false"/>
						<line number="103" hits="12" branch="false"/>
						<line number="104" hits="12" branch="false"/>
						<line number="105" hits="12" branch="false"/>
						<line number="106" hits="12" branch="false"/>
					</lines>
				</class>
				<class name="org.legurun.test.fakemailserver.dao.EmailDao" filename="org/legurun/test/fakemailserver/dao/EmailDao.java" line-rate="1.0" branch-rate="1.0" complexity="7.0">
					<methods>
						<method name="&lt;init&gt;" signature="()V" line-rate="1.0" branch-rate="1.0" complexity="0">
							<lines>
								<line number="49" hits="6" branch="false"/>
							</lines>
						</method>
						<method name="search" signature="(Lorg/legurun/test/fakemailserver/model/Sender;Ljava/lang/String;Ljava/util/Date;Ljava/util/Date;Ljava/lang/Integer;Ljava/lang/Integer;)Lorg/legurun/test/fakemailserver/utils/PagedList;" line-rate="1.0" branch-rate="1.0" complexity="0">
							<lines>
								<line number="61" hits="27" branch="false"/>
								<line number="62" hits="9" branch="false"/>
								<line number="64" hits="27" branch="false"/>
								<line number="65" hits="27" branch="false"/>
								<line number="66" hits="27" branch="false"/>
								<line number="67" hits="27" branch="false"/>
								<line number="68" hits="27" branch="false"/>
								<line number="69" hits="27" branch="false"/>
								<line number="70" hits="27" branch="false"/>
								<line number="71" hits="54" branch="false"/>
								<line number="72" hits="36" branch="false"/>
								<line number="73" hits="27" branch="false"/>
								<line number="74" hits="27" branch="false"/>
								<line number="75" hits="27" branch="false"/>
								<line number="76" hits="27" branch="false"/>
								<line number="77" hits="27" branch="true" condition-coverage="100 % (2/2)">
									<conditions>
										<condition number="0" type="jump" coverage="100 %"/>
									</conditions>
								</line>
								<line number="78" hits="6" branch="false"/>
								<line number="80" hits="27" branch="true" condition-coverage="100 % (2/2)">
									<conditions>
										<condition number="0" type="jump" coverage="100 %"/>
									</conditions>
								</line>
								<line number="81" hits="12" branch="false"/>
								<line number="82" hits="8" branch="false"/>
								<line number="83" hits="8" branch="false"/>
								<line number="84" hits="6" branch="false"/>
								<line number="85" hits="8" branch="false"/>
								<line number="86" hits="6" branch="false"/>
								<line number="88" hits="27" branch="true" condition-coverage="100 % (2/2)">
									<conditions>
										<condition number="0" type="jump" coverage="100 %"/>
									</conditions>
								</line>
								<line number="89" hits="6" branch="false"/>
								<line number="90" hits="4" branch="false"/>
								<line number="91" hits="3" branch="false"/>
								<line number="93" hits="27" branch="true" condition-coverage="100 % (2/2)">
									<conditions>
										<condition number="0" type="jump" coverage="100 %"/>
									</conditions>
								</line>
								<line number="94" hits="6" branch="false"/>
								<line number="95" hits="4" branch="false"/>
								<line number="96" hits="3" branch="false"/>
								<line number="98" hits="27" branch="false"/>
								<line number="99" hits="27" branch="false"/>
								<line number="112" hits="27" branch="false"/>
								<line number="113" hits="27" branch="false"/>
								<line number="114" hits="27" branch="false"/>
								<line number="115" hits="27" branch="false"/>
								<line number="116" hits="27" branch="true" condition-coverage="100 % (4/4)">
									<conditions>
										<condition number="0" type="jump" coverage="100 %"/>
										<condition number="1" type="jump" coverage="100 %"/>
									</conditions>
								</line>
								<line number="117" hits="3" branch="false"/>
								<line number="118" hits="3" branch="false"/>
								<line number="120" hits="27" branch="false"/>
								<line number="122" hits="27" branch="false"/>
								<line number="123" hits="27" branch="false"/>
								<line number="124" hits="27" branch="false"/>
								<line number="125" hits="27" branch="false"/>
								<line number="126" hits="27" branch="false"/>
								<line number="127" hits="54" branch="false"/>
								<line number="128" hits="27" branch="false"/>
								<line number="130" hits="27" branch="false"/>
							</lines>
						</method>
					</methods>
					<lines>
						<line number="49" hits="6" branch="false"/>
						<line number="61" hits="27" branch="false"/>
						<line number="62" hits="9" branch="false"/>
						<line number="64" hits="27" branch="false"/>
						<line number="65" hits="27" branch="false"/>
						<line number="66" hits="27" branch="false"/>
						<line number="67" hits="27" branch="false"/>
						<line number="68" hits="27" branch="false"/>
						<line number="69" hits="27" branch="false"/>
						<line number="70" hits="27" branch="false"/>
						<line number="71" hits="54" branch="false"/>
						<line number="72" hits="36" branch="false"/>
						<line number="73" hits="27" branch="false"/>
						<line number="74" hits="27" branch="false"/>
						<line number="75" hits="27" branch="false"/>
						<line number="76" hits="27" branch="false"/>
						<line number="77" hits="27" branch="true" condition-coverage="100 % (2/2)">
							<conditions>
								<condition number="0" type="jump" coverage="100 %"/>
							</conditions>
						</line>
						<line number="78" hits="6" branch="false"/>
						<line number="80" hits="27" branch="true" condition-coverage="100 % (2/2)">
							<conditions>
								<condition number="0" type="jump" coverage="100 %"/>
							</conditions>
						</line>
						<line number="81" hits="12" branch="false"/>
						<line number="82" hits="8" branch="false"/>
						<line number="83" hits="8" branch="false"/>
						<line number="84" hits="6" branch="false"/>
						<line number="85" hits="8" branch="false"/>
						<line number="86" hits="6" branch="false"/>
						<line number="88" hits="27" branch="true" condition-coverage="100 % (2/2)">
							<conditions>
								<condition number="0" type="jump" coverage="100 %"/>
							</conditions>
						</line>
						<line number="89" hits="6" branch="false"/>
						<line number="90" hits="4" branch="false"/>
						<line number="91" hits="3" branch="false"/>
						<line number="93" hits="27" branch="true" condition-coverage="100 % (2/2)">
							<conditions>
								<condition number="0" type="jump" coverage="100 %"/>
							</conditions>
						</line>
						<line number="94" hits="6" branch="false"/>
						<line number="95" hits="4" branch="false"/>
						<line number="96" hits="3" branch="false"/>
						<line number="98" hits="27" branch="false"/>
						<line number="99" hits="27" branch="false"/>
						<line number="112" hits="27" branch="false"/>
						<line number="113" hits="27" branch="false"/>
						<line number="114" hits="27" branch="false"/>
						<line number="115" hits="27" branch="false"/>
						<line number="116" hits="27" branch="true" condition-coverage="100 % (4/4)">
							<conditions>
								<condition number="0" type="jump" coverage="100 %"/>
								<condition number="1" type="jump" coverage="100 %"/>
							</conditions>
						</line>
						<line number="117" hits="3" branch="false"/>
						<line number="118" hits="3" branch="false"/>
						<line number="120" hits="27" branch="false"/>
						<line number="122" hits="27" branch="false"/>
						<line number="123" hits="27" branch="false"/>
						<line number="124" hits="27" branch="false"/>
						<line number="125" hits="27" branch="false"/>
						<line number="126" hits="27" branch="false"/>
						<line number="127" hits="54" branch="false"/>
						<line number="128" hits="27" branch="false"/>
						<line number="130" hits="27" branch="false"/>
					</lines>
				</class>
				<class name="org.legurun.test.fakemailserver.dao.IDao" filename="org/legurun/test/fakemailserver/dao/IDao.java" line-rate="1.0" branch-rate="1.0" complexity="1.0">
					<methods>
					</methods>
					<lines>
					</lines>
				</class>
				<class name="org.legurun.test.fakemailserver.dao.IEmailDao" filename="org/legurun/test/fakemailserver/dao/IEmailDao.java" line-rate="1.0" branch-rate="1.0" complexity="1.0">
					<methods>
					</methods>
					<lines>
					</lines>
				</class>
				<class name="org.legurun.test.fakemailserver.dao.ISenderDao" filename="org/legurun/test/fakemailserver/dao/ISenderDao.java" line-rate="1.0" branch-rate="1.0" complexity="1.0">
					<methods>
					</methods>
					<lines>
					</lines>
				</class>
				<class name="org.legurun.test.fakemailserver.dao.SenderDao" filename="org/legurun/test/fakemailserver/dao/SenderDao.java" line-rate="1.0" branch-rate="1.0" complexity="1.0">
					<methods>
						<method name="&lt;init&gt;" signature="()V" line-rate="1.0" branch-rate="1.0" complexity="0">
							<lines>
								<line number="37" hits="6" branch="false"/>
							</lines>
						</method>
						<method name="delete" signature="(Lorg/legurun/test/fakemailserver/model/AbstractEntity;)V" line-rate="1.0" branch-rate="1.0" complexity="0">
							<lines>
							</lines>
						</method>
						<method name="delete" signature="(Lorg/legurun/test/fakemailserver/model/Sender;)V" line-rate="1.0" branch-rate="1.0" complexity="0">
							<lines>
								<line number="70" hits="3" branch="false"/>
								<line number="71" hits="3" branch="false"/>
							</lines>
						</method>
						<method name="findByAddress" signature="(Ljava/lang/String;)Lorg/legurun/test/fakemailserver/model/Sender;" line-rate="1.0" branch-rate="1.0" complexity="0">
							<lines>
								<line number="45" hits="6" branch="false"/>
								<line number="46" hits="6" branch="false"/>
								<line number="47" hits="6" branch="false"/>
								<line number="48" hits="6" branch="false"/>
								<line number="49" hits="12" branch="false"/>
								<line number="50" hits="6" branch="false"/>
								<line number="52" hits="6" branch="false"/>
							</lines>
						</method>
						<method name="persist" signature="(Lorg/legurun/test/fakemailserver/model/AbstractEntity;)V" line-rate="1.0" branch-rate="1.0" complexity="0">
							<lines>
								<line number="1" hits="2" branch="false"/>
								<line number="36" hits="4" branch="false"/>
							</lines>
						</method>
						<method name="persist" signature="(Lorg/legurun/test/fakemailserver/model/Sender;)V" line-rate="1.0" branch-rate="1.0" complexity="0">
							<lines>
								<line number="61" hits="3" branch="false"/>
								<line number="62" hits="3" branch="false"/>
							</lines>
						</method>
					</methods>
					<lines>
						<line number="1" hits="2" branch="false"/>
						<line number="36" hits="4" branch="false"/>
						<line number="37" hits="6" branch="false"/>
						<line number="45" hits="6" branch="false"/>
						<line number="46" hits="6" branch="false"/>
						<line number="47" hits="6" branch="false"/>
						<line number="48" hits="6" branch="false"/>
						<line number="49" hits="12" branch="false"/>
						<line number="50" hits="6" branch="false"/>
						<line number="52" hits="6" branch="false"/>
						<line number="61" hits="3" branch="false"/>
						<line number="62" hits="3" branch="false"/>
						<line number="70" hits="3" branch="false"/>
						<line number="71" hits="3" branch="false"/>
					</lines>
				</class>
				<class name="org.legurun.test.fakemailserver.dao.package-info" filename="org/legurun/test/fakemailserver/dao/package-info.java" line-rate="1.0" branch-rate="1.0" complexity="0.0">
					<methods>
					</methods>
					<lines>
					</lines>
				</class>
			</classes>
		</package>
		<package name="org.legurun.test.fakemailserver.dto" line-rate="0.6435643564356436" branch-rate="0.22727272727272727" complexity="2.5555555555555554">
			<classes>
				<class name="org.legurun.test.fakemailserver.dto.EmailSearchCommand" filename="org/legurun/test/fakemailserver/dto/EmailSearchCommand.java" line-rate="0.5263157894736842" branch-rate="0.22727272727272727" complexity="3.8">
					<methods>
						<method name="&lt;init&gt;" signature="()V" line-rate="1.0" branch-rate="1.0" complexity="0">
							<lines>
								<line number="31" hits="12" branch="false"/>
							</lines>
						</method>
						<method name="equals" signature="(Ljava/lang/Object;)Z" line-rate="0.4473684210526316" branch-rate="0.35714285714285715" complexity="0">
							<lines>
								<line number="201" hits="9" branch="true" condition-coverage="50 % (1/2)">
									<conditions>
										<condition number="0" type="jump" coverage="50 %"/>
									</conditions>
								</line>
								<line number="202" hits="0" branch="false"/>
								<line number="204" hits="9" branch="true" condition-coverage="50 % (1/2)">
									<conditions>
										<condition number="0" type="jump" coverage="50 %"/>
									</conditions>
								</line>
								<line number="205" hits="0" branch="false"/>
								<line number="207" hits="9" branch="true" condition-coverage="50 % (1/2)">
									<conditions>
										<condition number="0" type="jump" coverage="50 %"/>
									</conditions>
								</line>
								<line number="208" hits="0" branch="false"/>
								<line number="210" hits="9" branch="false"/>
								<line number="211" hits="9" branch="true" condition-coverage="50 % (1/2)">
									<conditions>
										<condition number="0" type="jump" coverage="50 %"/>
									</conditions>
								</line>
								<line number="212" hits="0" branch="true" condition-coverage="0 % (0/2)">
									<conditions>
										<condition number="0" type="jump" coverage="0 %"/>
									</conditions>
								</line>
								<line number="213" hits="0" branch="false"/>
								<line number="216" hits="9" branch="true" condition-coverage="50 % (1/2)">
									<conditions>
										<condition number="0" type="jump" coverage="50 %"/>
									</conditions>
								</line>
								<line number="217" hits="0" branch="false"/>
								<line number="219" hits="9" branch="true" condition-coverage="50 % (1/2)">
									<conditions>
										<condition number="0" type="jump" coverage="50 %"/>
									</conditions>
								</line>
								<line number="220" hits="0" branch="true" condition-coverage="0 % (0/2)">
									<conditions>
										<condition number="0" type="jump" coverage="0 %"/>
									</conditions>
								</line>
								<line number="221" hits="0" branch="false"/>
								<line number="224" hits="9" branch="true" condition-coverage="50 % (1/2)">
									<conditions>
										<condition number="0" type="jump" coverage="50 %"/>
									</conditions>
								</line>
								<line number="225" hits="0" branch="false"/>
								<line number="227" hits="9" branch="true" condition-coverage="50 % (1/2)">
									<conditions>
										<condition number="0" type="jump" coverage="50 %"/>
									</conditions>
								</line>
								<line number="228" hits="0" branch="true" condition-coverage="0 % (0/2)">
									<conditions>
										<condition number="0" type="jump" coverage="0 %"/>
									</conditions>
								</line>
								<line number="229" hits="0" branch="false"/>
								<line number="232" hits="9" branch="true" condition-coverage="50 % (1/2)">
									<conditions>
										<condition number="0" type="jump" coverage="50 %"/>
									</conditions>
								</line>
								<line number="233" hits="0" branch="false"/>
								<line number="235" hits="9" branch="true" condition-coverage="50 % (1/2)">
									<conditions>
										<condition number="0" type="jump" coverage="50 %"/>
									</conditions>
								</line>
								<line number="236" hits="0" branch="true" condition-coverage="0 % (0/2)">
									<conditions>
										<condition number="0" type="jump" coverage="0 %"/>
									</conditions>
								</line>
								<line number="237" hits="0" branch="false"/>
								<line number="240" hits="9" branch="true" condition-coverage="50 % (1/2)">
									<conditions>
										<condition number="0" type="jump" coverage="50 %"/>
									</conditions>
								</line>
								<line number="241" hits="0" branch="false"/>
								<line number="243" hits="9" branch="true" condition-coverage="50 % (1/2)">
									<conditions>
										<condition number="0" type="jump" coverage="50 %"/>
									</conditions>
								</line>
								<line number="244" hits="0" branch="true" condition-coverage="0 % (0/2)">
									<conditions>
										<condition number="0" type="jump" coverage="0 %"/>
									</conditions>
								</line>
								<line number="245" hits="0" branch="false"/>
								<line number="248" hits="9" branch="true" condition-coverage="50 % (1/2)">
									<conditions>
										<condition number="0" type="jump" coverage="50 %"/>
									</conditions>
								</line>
								<line number="249" hits="0" branch="false"/>
								<line number="251" hits="9" branch="true" condition-coverage="50 % (1/2)">
									<conditions>
										<condition number="0" type="jump" coverage="50 %"/>
									</conditions>
								</line>
								<line number="252" hits="0" branch="true" condition-coverage="0 % (0/2)">
									<conditions>
										<condition number="0" type="jump" coverage="0 %"/>
									</conditions>
								</line>
								<line number="253" hits="0" branch="false"/>
								<line number="256" hits="9" branch="true" condition-coverage="50 % (1/2)">
									<conditions>
										<condition number="0" type="jump" coverage="50 %"/>
									</conditions>
								</line>
								<line number="257" hits="0" branch="false"/>
								<line number="259" hits="9" branch="false"/>
							</lines>
						</method>
						<method name="getLimit" signature="()Ljava/lang/Integer;" line-rate="1.0" branch-rate="1.0" complexity="0">
							<lines>
								<line number="146" hits="9" branch="false"/>
							</lines>
						</method>
						<method name="getOffset" signature="()Ljava/lang/Integer;" line-rate="1.0" branch-rate="1.0" complexity="0">
							<lines>
								<line number="130" hits="9" branch="false"/>
							</lines>
						</method>
						<method name="getRecipient" signature="()Ljava/lang/String;" line-rate="1.0" branch-rate="1.0" complexity="0">
							<lines>
								<line number="78" hits="9" branch="false"/>
							</lines>
						</method>
						<method name="getSenderId" signature="()Ljava/lang/Long;" line-rate="1.0" branch-rate="1.0" complexity="0">
							<lines>
								<line number="62" hits="12" branch="false"/>
							</lines>
						</method>
						<method name="getSentBefore" signature="()Ljava/util/Date;" line-rate="1.0" branch-rate="1.0" complexity="0">
							<lines>
								<line number="113" hits="9" branch="false"/>
							</lines>
						</method>
						<method name="getSentSince" signature="()Ljava/util/Date;" line-rate="1.0" branch-rate="1.0" complexity="0">
							<lines>
								<line number="95" hits="9" branch="false"/>
							</lines>
						</method>
						<method name="hashCode" signature="()I" line-rate="0.0" branch-rate="0.0" complexity="0">
							<lines>
								<line number="175" hits="0" branch="false"/>
								<line number="176" hits="0" branch="false"/>
								<line number="177" hits="0" branch="true" condition-coverage="0 % (0/2)">
									<conditions>
										<condition number="0" type="jump" coverage="0 %"/>
									</conditions>
								</line>
								<line number="178" hits="0" branch="true" condition-coverage="0 % (0/2)">
									<conditions>
										<condition number="0" type="jump" coverage="0 %"/>
									</conditions>
								</line>
								<line number="179" hits="0" branch="true" condition-coverage="0 % (0/2)">
									<conditions>
										<condition number="0" type="jump" coverage="0 %"/>
									</conditions>
								</line>
								<line number="180" hits="0" branch="true" condition-coverage="0 % (0/2)">
									<conditions>
										<condition number="0" type="jump" coverage="0 %"/>
									</conditions>
								</line>
								<line number="181" hits="0" branch="true" condition-coverage="0 % (0/2)">
									<conditions>
										<condition number="0" type="jump" coverage="0 %"/>
									</conditions>
								</line>
								<line number="182" hits="0" branch="true" condition-coverage="0 % (0/2)">
									<conditions>
										<condition number="0" type="jump" coverage="0 %"/>
									</conditions>
								</line>
								<line number="183" hits="0" branch="true" condition-coverage="0 % (0/2)">
									<conditions>
										<condition number="0" type="jump" coverage="0 %"/>
									</conditions>
								</line>
								<line number="184" hits="0" branch="true" condition-coverage="0 % (0/2)">
									<conditions>
										<condition number="0" type="jump" coverage="0 %"/>
									</conditions>
								</line>
								<line number="185" hits="0" branch="true" condition-coverage="0 % (0/2)">
									<conditions>
										<condition number="0" type="jump" coverage="0 %"/>
									</conditions>
								</line>
								<line number="186" hits="0" branch="true" condition-coverage="0 % (0/2)">
									<conditions>
										<condition number="0" type="jump" coverage="0 %"/>
									</conditions>
								</line>
								<line number="187" hits="0" branch="true" condition-coverage="0 % (0/2)">
									<conditions>
										<condition number="0" type="jump" coverage="0 %"/>
									</conditions>
								</line>
								<line number="188" hits="0" branch="true" condition-coverage="0 % (0/2)">
									<conditions>
										<condition number="0" type="jump" coverage="0 %"/>
									</conditions>
								</line>
								<line number="189" hits="0" branch="false"/>
							</lines>
						</method>
						<method name="setLimit" signature="(Ljava/lang/Integer;)V" line-rate="1.0" branch-rate="1.0" complexity="0">
							<lines>
								<line number="154" hits="9" branch="false"/>
								<line number="155" hits="9" branch="false"/>
							</lines>
						</method>
						<method name="setOffset" signature="(Ljava/lang/Integer;)V" line-rate="1.0" branch-rate="1.0" complexity="0">
							<lines>
								<line number="138" hits="9" branch="false"/>
								<line number="139" hits="9" branch="false"/>
							</lines>
						</method>
						<method name="setRecipient" signature="(Ljava/lang/String;)V" line-rate="1.0" branch-rate="1.0" complexity="0">
							<lines>
								<line number="86" hits="9" branch="false"/>
								<line number="87" hits="9" branch="false"/>
							</lines>
						</method>
						<method name="setSenderId" signature="(Ljava/lang/Long;)V" line-rate="1.0" branch-rate="1.0" complexity="0">
							<lines>
								<line number="70" hits="12" branch="false"/>
								<line number="71" hits="12" branch="false"/>
							</lines>
						</method>
						<method name="setSentBefore" signature="(Ljava/util/Date;)V" line-rate="1.0" branch-rate="1.0" complexity="0">
							<lines>
								<line number="122" hits="9" branch="false"/>
								<line number="123" hits="9" branch="false"/>
							</lines>
						</method>
						<method name="setSentSince" signature="(Ljava/util/Date;)V" line-rate="1.0" branch-rate="1.0" complexity="0">
							<lines>
								<line number="104" hits="9" branch="false"/>
								<line number="105" hits="9" branch="false"/>
							</lines>
						</method>
						<method name="toString" signature="()Ljava/lang/String;" line-rate="1.0" branch-rate="1.0" complexity="0">
							<lines>
								<line number="162" hits="4" branch="false"/>
								<line number="163" hits="1" branch="false"/>
								<line number="164" hits="1" branch="false"/>
								<line number="165" hits="1" branch="false"/>
							</lines>
						</method>
					</methods>
					<lines>
						<line number="31" hits="12" branch="false"/>
						<line number="62" hits="12" branch="false"/>
						<line number="70" hits="12" branch="false"/>
						<line number="71" hits="12" branch="false"/>
						<line number="78" hits="9" branch="false"/>
						<line number="86" hits="9" branch="false"/>
						<line number="87" hits="9" branch="false"/>
						<line number="95" hits="9" branch="false"/>
						<line number="104" hits="9" branch="false"/>
						<line number="105" hits="9" branch="false"/>
						<line number="113" hits="9" branch="false"/>
						<line number="122" hits="9" branch="false"/>
						<line number="123" hits="9" branch="false"/>
						<line number="130" hits="9" branch="false"/>
						<line number="138" hits="9" branch="false"/>
						<line number="139" hits="9" branch="false"/>
						<line number="146" hits="9" branch="false"/>
						<line number="154" hits="9" branch="false"/>
						<line number="155" hits="9" branch="false"/>
						<line number="162" hits="4" branch="false"/>
						<line number="163" hits="1" branch="false"/>
						<line number="164" hits="1" branch="false"/>
						<line number="165" hits="1" branch="false"/>
						<line number="175" hits="0" branch="false"/>
						<line number="176" hits="0" branch="false"/>
						<line number="177" hits="0" branch="true" condition-coverage="0 % (0/2)">
							<conditions>
								<condition number="0" type="jump" coverage="0 %"/>
							</conditions>
						</line>
						<line number="178" hits="0" branch="true" condition-coverage="0 % (0/2)">
							<conditions>
								<condition number="0" type="jump" coverage="0 %"/>
							</conditions>
						</line>
						<line number="179" hits="0" branch="true" condition-coverage="0 % (0/2)">
							<conditions>
								<condition number="0" type="jump" coverage="0 %"/>
							</conditions>
						</line>
						<line number="180" hits="0" branch="true" condition-coverage="0 % (0/2)">
							<conditions>
								<condition number="0" type="jump" coverage="0 %"/>
							</conditions>
						</line>
						<line number="181" hits="0" branch="true" condition-coverage="0 % (0/2)">
							<conditions>
								<condition number="0" type="jump" coverage="0 %"/>
							</conditions>
						</line>
						<line number="182" hits="0" branch="true" condition-coverage="0 % (0/2)">
							<conditions>
								<condition number="0" type="jump" coverage="0 %"/>
							</conditions>
						</line>
						<line number="183" hits="0" branch="true" condition-coverage="0 % (0/2)">
							<conditions>
								<condition number="0" type="jump" coverage="0 %"/>
							</conditions>
						</line>
						<line number="184" hits="0" branch="true" condition-coverage="0 % (0/2)">
							<conditions>
								<condition number="0" type="jump" coverage="0 %"/>
							</conditions>
						</line>
						<line number="185" hits="0" branch="true" condition-coverage="0 % (0/2)">
							<conditions>
								<condition number="0" type="jump" coverage="0 %"/>
							</conditions>
						</line>
						<line number="186" hits="0" branch="true" condition-coverage="0 % (0/2)">
							<conditions>
								<condition number="0" type="jump" coverage="0 %"/>
							</conditions>
						</line>
						<line number="187" hits="0" branch="true" condition-coverage="0 % (0/2)">
							<conditions>
								<condition number="0" type="jump" coverage="0 %"/>
							</conditions>
						</line>
						<line number="188" hits="0" branch="true" condition-coverage="0 % (0/2)">
							<conditions>
								<condition number="0" type="jump" coverage="0 %"/>
							</conditions>
						</line>
						<line number="189" hits="0" branch="false"/>
						<line number="201" hits="9" branch="true" condition-coverage="50 % (1/2)">
							<conditions>
								<condition number="0" type="jump" coverage="50 %"/>
							</conditions>
						</line>
						<line number="202" hits="0" branch="false"/>
						<line number="204" hits="9" branch="true" condition-coverage="50 % (1/2)">
							<conditions>
								<condition number="0" type="jump" coverage="50 %"/>
							</conditions>
						</line>
						<line number="205" hits="0" branch="false"/>
						<line number="207" hits="9" branch="true" condition-coverage="50 % (1/2)">
							<conditions>
								<condition number="0" type="jump" coverage="50 %"/>
							</conditions>
						</line>
						<line number="208" hits="0" branch="false"/>
						<line number="210" hits="9" branch="false"/>
						<line number="211" hits="9" branch="true" condition-coverage="50 % (1/2)">
							<conditions>
								<condition number="0" type="jump" coverage="50 %"/>
							</conditions>
						</line>
						<line number="212" hits="0" branch="true" condition-coverage="0 % (0/2)">
							<conditions>
								<condition number="0" type="jump" coverage="0 %"/>
							</conditions>
						</line>
						<line number="213" hits="0" branch="false"/>
						<line number="216" hits="9" branch="true" condition-coverage="50 % (1/2)">
							<conditions>
								<condition number="0" type="jump" coverage="50 %"/>
							</conditions>
						</line>
						<line number="217" hits="0" branch="false"/>
						<line number="219" hits="9" branch="true" condition-coverage="50 % (1/2)">
							<conditions>
								<condition number="0" type="jump" coverage="50 %"/>
							</conditions>
						</line>
						<line number="220" hits="0" branch="true" condition-coverage="0 % (0/2)">
							<conditions>
								<condition number="0" type="jump" coverage="0 %"/>
							</conditions>
						</line>
						<line number="221" hits="0" branch="false"/>
						<line number="224" hits="9" branch="true" condition-coverage="50 % (1/2)">
							<conditions>
								<condition number="0" type="jump" coverage="50 %"/>
							</conditions>
						</line>
						<line number="225" hits="0" branch="false"/>
						<line number="227" hits="9" branch="true" condition-coverage="50 % (1/2)">
							<conditions>
								<condition number="0" type="jump" coverage="50 %"/>
							</conditions>
						</line>
						<line number="228" hits="0" branch="true" condition-coverage="0 % (0/2)">
							<conditions>
								<condition number="0" type="jump" coverage="0 %"/>
							</conditions>
						</line>
						<line number="229" hits="0" branch="false"/>
						<line number="232" hits="9" branch="true" condition-coverage="50 % (1/2)">
							<conditions>
								<condition number="0" type="jump" coverage="50 %"/>
							</conditions>
						</line>
						<line number="233" hits="0" branch="false"/>
						<line number="235" hits="9" branch="true" condition-coverage="50 % (1/2)">
							<conditions>
								<condition number="0" type="jump" coverage="50 %"/>
							</conditions>
						</line>
						<line number="236" hits="0" branch="true" condition-coverage="0 % (0/2)">
							<conditions>
								<condition number="0" type="jump" coverage="0 %"/>
							</conditions>
						</line>
						<line number="237" hits="0" branch="false"/>
						<line number="240" hits="9" branch="true" condition-coverage="50 % (1/2)">
							<conditions>
								<condition number="0" type="jump" coverage="50 %"/>
							</conditions>
						</line>
						<line number="241" hits="0" branch="false"/>
						<line number="243" hits="9" branch="true" condition-coverage="50 % (1/2)">
							<conditions>
								<condition number="0" type="jump" coverage="50 %"/>
							</conditions>
						</line>
						<line number="244" hits="0" branch="true" condition-coverage="0 % (0/2)">
							<conditions>
								<condition number="0" type="jump" coverage="0 %"/>
							</conditions>
						</line>
						<line number="245" hits="0" branch="false"/>
						<line number="248" hits="9" branch="true" condition-coverage="50 % (1/2)">
							<conditions>
								<condition number="0" type="jump" coverage="50 %"/>
							</conditions>
						</line>
						<line number="249" hits="0" branch="false"/>
						<line number="251" hits="9" branch="true" condition-coverage="50 % (1/2)">
							<conditions>
								<condition number="0" type="jump" coverage="50 %"/>
							</conditions>
						</line>
						<line number="252" hits="0" branch="true" condition-coverage="0 % (0/2)">
							<conditions>
								<condition number="0" type="jump" coverage="0 %"/>
							</conditions>
						</line>
						<line number="253" hits="0" branch="false"/>
						<line number="256" hits="9" branch="true" condition-coverage="50 % (1/2)">
							<conditions>
								<condition number="0" type="jump" coverage="50 %"/>
							</conditions>
						</line>
						<line number="257" hits="0" branch="false"/>
						<line number="259" hits="9" branch="false"/>
					</lines>
				</class>
				<class name="org.legurun.test.fakemailserver.dto.EmailSearchReport" filename="org/legurun/test/fakemailserver/dto/EmailSearchReport.java" line-rate="1.0" branch-rate="1.0" complexity="1.0">
					<methods>
						<method name="&lt;init&gt;" signature="()V" line-rate="1.0" branch-rate="1.0" complexity="0">
							<lines>
								<line number="57" hits="6" branch="false"/>
								<line number="59" hits="6" branch="false"/>
							</lines>
						</method>
						<method name="&lt;init&gt;" signature="(Ljava/lang/Long;Ljava/lang/String;Ljava/lang/String;Ljava/util/Date;Ljava/lang/String;)V" line-rate="1.0" branch-rate="1.0" complexity="0">
							<lines>
								<line number="71" hits="27" branch="false"/>
								<line number="73" hits="54" branch="false"/>
								<line number="74" hits="81" branch="false"/>
								<line number="75" hits="81" branch="false"/>
								<line number="76" hits="81" branch="false"/>
								<line number="77" hits="81" branch="false"/>
								<line number="78" hits="81" branch="false"/>
								<line number="79" hits="81" branch="false"/>
							</lines>
						</method>
						<method name="getId" signature="()Ljava/lang/Long;" line-rate="1.0" branch-rate="1.0" complexity="0">
							<lines>
								<line number="86" hits="9" branch="false"/>
							</lines>
						</method>
						<method name="getRecipient" signature="()Ljava/lang/String;" line-rate="1.0" branch-rate="1.0" complexity="0">
							<lines>
								<line number="119" hits="6" branch="false"/>
							</lines>
						</method>
						<method name="getSender" signature="()Ljava/lang/String;" line-rate="1.0" branch-rate="1.0" complexity="0">
							<lines>
								<line number="103" hits="3" branch="false"/>
							</lines>
						</method>
						<method name="getSentDate" signature="()Ljava/util/Date;" line-rate="1.0" branch-rate="1.0" complexity="0">
							<lines>
								<line number="136" hits="6" branch="false"/>
							</lines>
						</method>
						<method name="getSubject" signature="()Ljava/lang/String;" line-rate="1.0" branch-rate="1.0" complexity="0">
							<lines>
								<line number="153" hits="6" branch="false"/>
							</lines>
						</method>
						<method name="setId" signature="(Ljava/lang/Long;)V" line-rate="1.0" branch-rate="1.0" complexity="0">
							<lines>
								<line number="95" hits="3" branch="false"/>
								<line number="96" hits="3" branch="false"/>
							</lines>
						</method>
						<method name="setRecipient" signature="(Ljava/lang/String;)V" line-rate="1.0" branch-rate="1.0" complexity="0">
							<lines>
								<line number="127" hits="3" branch="false"/>
								<line number="128" hits="3" branch="false"/>
							</lines>
						</method>
						<method name="setSender" signature="(Ljava/lang/String;)V" line-rate="1.0" branch-rate="1.0" complexity="0">
							<lines>
								<line number="111" hits="3" branch="false"/>
								<line number="112" hits="3" branch="false"/>
							</lines>
						</method>
						<method name="setSentDate" signature="(Ljava/util/Date;)V" line-rate="1.0" branch-rate="1.0" complexity="0">
							<lines>
								<line number="145" hits="3" branch="false"/>
								<line number="146" hits="3" branch="false"/>
							</lines>
						</method>
						<method name="setSubject" signature="(Ljava/lang/String;)V" line-rate="1.0" branch-rate="1.0" complexity="0">
							<lines>
								<line number="161" hits="3" branch="false"/>
								<line number="162" hits="3" branch="false"/>
							</lines>
						</method>
					</methods>
					<lines>
						<line number="57" hits="6" branch="false"/>
						<line number="59" hits="6" branch="false"/>
						<line number="71" hits="27" branch="false"/>
						<line number="73" hits="54" branch="false"/>
						<line number="74" hits="81" branch="false"/>
						<line number="75" hits="81" branch="false"/>
						<line number="76" hits="81" branch="false"/>
						<line number="77" hits="81" branch="false"/>
						<line number="78" hits="81" branch="false"/>
						<line number="79" hits="81" branch="false"/>
						<line number="86" hits="9" branch="false"/>
						<line number="95" hits="3" branch="false"/>
						<line number="96" hits="3" branch="false"/>
						<line number="103" hits="3" branch="false"/>
						<line number="111" hits="3" branch="false"/>
						<line number="112" hits="3" branch="false"/>
						<line number="119" hits="6" branch="false"/>
						<line number="127" hits="3" branch="false"/>
						<line number="128" hits="3" branch="false"/>
						<line number="136" hits="6" branch="false"/>
						<line number="145" hits="3" branch="false"/>
						<line number="146" hits="3" branch="false"/>
						<line number="153" hits="6" branch="false"/>
						<line number="161" hits="3" branch="false"/>
						<line number="162" hits="3" branch="false"/>
					</lines>
				</class>
				<class name="org.legurun.test.fakemailserver.dto.package-info" filename="org/legurun/test/fakemailserver/dto/package-info.java" line-rate="1.0" branch-rate="1.0" complexity="0.0">
					<methods>
					</methods>
					<lines>
					</lines>
				</class>
			</classes>
		</package>
		<package name="org.legurun.test.fakemailserver.model" line-rate="0.5833333333333334" branch-rate="0.5555555555555556" complexity="1.5172413793103448">
			<classes>
				<class name="org.legurun.test.fakemailserver.model.AbstractEntity" filename="org/legurun/test/fakemailserver/model/AbstractEntity.java" line-rate="0.6111111111111112" branch-rate="0.5714285714285714" complexity="1.9230769230769231">
					<methods>
						<method name="&lt;init&gt;" signature="()V" line-rate="1.0" branch-rate="1.0" complexity="0">
							<lines>
								<line number="46" hits="330" branch="false"/>
							</lines>
						</method>
						<method name="equals" signature="(Ljava/lang/Object;)Z" line-rate="0.6153846153846154" branch-rate="0.5" complexity="0">
							<lines>
								<line number="179" hits="534" branch="true" condition-coverage="100 % (2/2)">
									<conditions>
										<condition number="0" type="jump" coverage="100 %"/>
									</conditions>
								</line>
								<line number="180" hits="282" branch="false"/>
								<line number="182" hits="252" branch="true" condition-coverage="50 % (1/2)">
									<conditions>
										<condition number="0" type="jump" coverage="50 %"/>
									</conditions>
								</line>
								<line number="183" hits="0" branch="false"/>
								<line number="185" hits="252" branch="true" condition-coverage="50 % (1/2)">
									<conditions>
										<condition number="0" type="jump" coverage="50 %"/>
									</conditions>
								</line>
								<line number="186" hits="0" branch="false"/>
								<line number="188" hits="252" branch="false"/>
								<line number="189" hits="252" branch="true" condition-coverage="50 % (1/2)">
									<conditions>
										<condition number="0" type="jump" coverage="50 %"/>
									</conditions>
								</line>
								<line number="190" hits="252" branch="true" condition-coverage="50 % (1/2)">
									<conditions>
										<condition number="0" type="jump" coverage="50 %"/>
									</conditions>
								</line>
								<line number="191" hits="252" branch="false"/>
								<line number="194" hits="0" branch="true" condition-coverage="0 % (0/2)">
									<conditions>
										<condition number="0" type="jump" coverage="0 %"/>
									</conditions>
								</line>
								<line number="195" hits="0" branch="false"/>
								<line number="197" hits="0" branch="false"/>
							</lines>
						</method>
						<method name="getDateCreated" signature="()Ljava/util/Date;" line-rate="1.0" branch-rate="1.0" complexity="0">
							<lines>
								<line number="118" hits="6" branch="false"/>
							</lines>
						</method>
						<method name="getId" signature="()Ljava/lang/Long;" line-rate="1.0" branch-rate="1.0" complexity="0">
							<lines>
								<line number="85" hits="21" branch="false"/>
							</lines>
						</method>
						<method name="getLastUpdated" signature="()Ljava/util/Date;" line-rate="1.0" branch-rate="1.0" complexity="0">
							<lines>
								<line number="134" hits="6" branch="false"/>
							</lines>
						</method>
						<method name="getVersion" signature="()Ljava/lang/Long;" line-rate="1.0" branch-rate="1.0" complexity="0">
							<lines>
								<line number="102" hits="6" branch="false"/>
							</lines>
						</method>
						<method name="hashCode" signature="()I" line-rate="1.0" branch-rate="1.0" complexity="0">
							<lines>
								<line number="168" hits="2217" branch="false"/>
								<line number="169" hits="2217" branch="false"/>
								<line number="170" hits="2217" branch="true" condition-coverage="100 % (2/2)">
									<conditions>
										<condition number="0" type="jump" coverage="100 %"/>
									</conditions>
								</line>
								<line number="171" hits="2217" branch="false"/>
							</lines>
						</method>
						<method name="onCreate" signature="()V" line-rate="1.0" branch-rate="1.0" complexity="0">
							<lines>
								<line number="150" hits="294" branch="false"/>
								<line number="151" hits="294" branch="false"/>
								<line number="152" hits="294" branch="false"/>
							</lines>
						</method>
[...]
							<lines>
								<line number="119" hits="0" branch="false"/>
								<line number="120" hits="0" branch="false"/>
								<line number="121" hits="0" branch="false"/>
								<line number="122" hits="0" branch="true" condition-coverage="0 % (0/2)">
									<conditions>
										<condition number="0" type="jump" coverage="0 %"/>
									</conditions>
								</line>
								<line number="123" hits="0" branch="false"/>
								<line number="124" hits="0" branch="false"/>
								<line number="125" hits="0" branch="false"/>
								<line number="127" hits="0" branch="false"/>
								<line number="128" hits="0" branch="false"/>
								<line number="129" hits="0" branch="false"/>
								<line number="130" hits="0" branch="false"/>
								<line number="132" hits="0" branch="false"/>
								<line number="133" hits="0" branch="false"/>
								<line number="134" hits="0" branch="false"/>
								<line number="135" hits="0" branch="false"/>
								<line number="136" hits="0" branch="false"/>
								<line number="137" hits="0" branch="false"/>
								<line number="138" hits="0" branch="true" condition-coverage="0 % (0/2)">
									<conditions>
										<condition number="0" type="jump" coverage="0 %"/>
									</conditions>
								</line>
								<line number="139" hits="0" branch="false"/>
								<line number="141" hits="0" branch="false"/>
								<line number="142" hits="0" branch="false"/>
								<line number="143" hits="0" branch="false"/>
								<line number="144" hits="0" branch="false"/>
								<line number="145" hits="0" branch="false"/>
								<line number="146" hits="0" branch="false"/>
								<line number="147" hits="0" branch="false"/>
							</lines>
						</method>
						<method name="parse" signature="(Lorg/legurun/test/fakemailserver/model/Email;)Ljavax/mail/internet/MimeMessage;" line-rate="1.0" branch-rate="1.0" complexity="0">
							<lines>
								<line number="99" hits="3" branch="false"/>
								<line number="100" hits="3" branch="false"/>
								<line number="101" hits="3" branch="false"/>
								<line number="102" hits="3" branch="false"/>
							</lines>
						</method>
						<method name="search" signature="(Lorg/legurun/test/fakemailserver/dto/EmailSearchCommand;)Lorg/legurun/test/fakemailserver/utils/PagedList;" line-rate="1.0" branch-rate="1.0" complexity="0">
							<lines>
								<line number="84" hits="6" branch="false"/>
								<line number="85" hits="6" branch="false"/>
								<line number="86" hits="6" branch="true" condition-coverage="100 % (2/2)">
									<conditions>
										<condition number="0" type="jump" coverage="100 %"/>
									</conditions>
								</line>
								<line number="87" hits="3" branch="false"/>
								<line number="89" hits="12" branch="false"/>
								<line number="90" hits="6" branch="false"/>
								<line number="91" hits="6" branch="false"/>
							</lines>
						</method>
					</methods>
					<lines>
						<line number="53" hits="6" branch="false"/>
						<line number="57" hits="5" branch="false"/>
						<line number="58" hits="4" branch="false"/>
						<line number="84" hits="6" branch="false"/>
						<line number="85" hits="6" branch="false"/>
						<line number="86" hits="6" branch="true" condition-coverage="100 % (2/2)">
							<conditions>
								<condition number="0" type="jump" coverage="100 %"/>
							</conditions>
						</line>
						<line number="87" hits="3" branch="false"/>
						<line number="89" hits="12" branch="false"/>
						<line number="90" hits="6" branch="false"/>
						<line number="91" hits="6" branch="false"/>
						<line number="99" hits="3" branch="false"/>
						<line number="100" hits="3" branch="false"/>
						<line number="101" hits="3" branch="false"/>
						<line number="102" hits="3" branch="false"/>
						<line number="110" hits="3" branch="false"/>
						<line number="119" hits="0" branch="false"/>
						<line number="120" hits="0" branch="false"/>
						<line number="121" hits="0" branch="false"/>
						<line number="122" hits="0" branch="true" condition-coverage="0 % (0/2)">
							<conditions>
								<condition number="0" type="jump" coverage="0 %"/>
							</conditions>
						</line>
						<line number="123" hits="0" branch="false"/>
						<line number="124" hits="0" branch="false"/>
						<line number="125" hits="0" branch="false"/>
						<line number="127" hits="0" branch="false"/>
						<line number="128" hits="0" branch="false"/>
						<line number="129" hits="0" branch="false"/>
						<line number="130" hits="0" branch="false"/>
						<line number="132" hits="0" branch="false"/>
						<line number="133" hits="0" branch="false"/>
						<line number="134" hits="0" branch="false"/>
						<line number="135" hits="0" branch="false"/>
						<line number="136" hits="0" branch="false"/>
						<line number="137" hits="0" branch="false"/>
						<line number="138" hits="0" branch="true" condition-coverage="0 % (0/2)">
							<conditions>
								<condition number="0" type="jump" coverage="0 %"/>
							</conditions>
						</line>
						<line number="139" hits="0" branch="false"/>
						<line number="141" hits="0" branch="false"/>
						<line number="142" hits="0" branch="false"/>
						<line number="143" hits="0" branch="false"/>
						<line number="144" hits="0" branch="false"/>
						<line number="145" hits="0" branch="false"/>
						<line number="146" hits="0" branch="false"/>
						<line number="147" hits="0" branch="false"/>
					</lines>
				</class>
				<class name="org.legurun.test.fakemailserver.service.IEmailService" filename="org/legurun/test/fakemailserver/service/IEmailService.java" line-rate="1.0" branch-rate="1.0" complexity="1.0">
					<methods>
					</methods>
					<lines>
					</lines>
				</class>
				<class name="org.legurun.test.fakemailserver.service.ISenderService" filename="org/legurun/test/fakemailserver/service/ISenderService.java" line-rate="1.0" branch-rate="1.0" complexity="1.0">
					<methods>
					</methods>
					<lines>
					</lines>
				</class>
				<class name="org.legurun.test.fakemailserver.service.SenderService" filename="org/legurun/test/fakemailserver/service/SenderService.java" line-rate="1.0" branch-rate="1.0" complexity="1.0">
					<methods>
						<method name="&lt;clinit&gt;" signature="()V" line-rate="1.0" branch-rate="1.0" complexity="0">
							<lines>
								<line number="44" hits="5" branch="false"/>
								<line number="45" hits="4" branch="false"/>
							</lines>
						</method>
						<method name="&lt;init&gt;" signature="()V" line-rate="1.0" branch-rate="1.0" complexity="0">
							<lines>
								<line number="40" hits="6" branch="false"/>
							</lines>
						</method>
						<method name="get" signature="(Ljava/lang/Long;)Lorg/legurun/test/fakemailserver/model/Sender;" line-rate="1.0" branch-rate="1.0" complexity="0">
							<lines>
								<line number="70" hits="6" branch="false"/>
								<line number="71" hits="6" branch="false"/>
							</lines>
						</method>
						<method name="list" signature="()Ljava/util/List;" line-rate="1.0" branch-rate="1.0" complexity="0">
							<lines>
								<line number="59" hits="3" branch="false"/>
								<line number="60" hits="3" branch="false"/>
							</lines>
						</method>
					</methods>
					<lines>
						<line number="40" hits="6" branch="false"/>
						<line number="44" hits="5" branch="false"/>
						<line number="45" hits="4" branch="false"/>
						<line number="59" hits="3" branch="false"/>
						<line number="60" hits="3" branch="false"/>
						<line number="70" hits="6" branch="false"/>
						<line number="71" hits="6" branch="false"/>
					</lines>
				</class>
				<class name="org.legurun.test.fakemailserver.service.package-info" filename="org/legurun/test/fakemailserver/service/package-info.java" line-rate="1.0" branch-rate="1.0" complexity="0.0">
					<methods>
					</methods>
					<lines>
					</lines>
				</class>
			</classes>
		</package>
		<package name="org.legurun.test.fakemailserver.utils" line-rate="0.25" branch-rate="0.038461538461538464" complexity="4.142857142857143">
			<classes>
				<class name="org.legurun.test.fakemailserver.utils.PagedList" filename="org/legurun/test/fakemailserver/utils/PagedList.java" line-rate="0.3225806451612903" branch-rate="0.045454545454545456" complexity="4.0">
					<methods>
						<method name="&lt;init&gt;" signature="()V" line-rate="1.0" branch-rate="1.0" complexity="0">
							<lines>
								<line number="29" hits="48" branch="false"/>
								<line number="37" hits="36" branch="false"/>
							</lines>
						</method>
						<method name="equals" signature="(Ljava/lang/Object;)Z" line-rate="0.1111111111111111" branch-rate="0.05555555555555555" complexity="0">
							<lines>
								<line number="93" hits="6" branch="true" condition-coverage="50 % (1/2)">
									<conditions>
										<condition number="0" type="jump" coverage="50 %"/>
									</conditions>
								</line>
								<line number="94" hits="6" branch="false"/>
								<line number="96" hits="0" branch="true" condition-coverage="0 % (0/2)">
									<conditions>
										<condition number="0" type="jump" coverage="0 %"/>
									</conditions>
								</line>
								<line number="97" hits="0" branch="false"/>
								<line number="99" hits="0" branch="true" condition-coverage="0 % (0/2)">
									<conditions>
										<condition number="0" type="jump" coverage="0 %"/>
									</conditions>
								</line>
								<line number="100" hits="0" branch="false"/>
								<line number="102" hits="0" branch="false"/>
								<line number="103" hits="0" branch="true" condition-coverage="0 % (0/2)">
									<conditions>
										<condition number="0" type="jump" coverage="0 %"/>
									</conditions>
								</line>
								<line number="104" hits="0" branch="true" condition-coverage="0 % (0/2)">
									<conditions>
										<condition number="0" type="jump" coverage="0 %"/>
									</conditions>
								</line>
								<line number="105" hits="0" branch="false"/>
								<line number="108" hits="0" branch="true" condition-coverage="0 % (0/2)">
									<conditions>
										<condition number="0" type="jump" coverage="0 %"/>
									</conditions>
								</line>
								<line number="109" hits="0" branch="false"/>
								<line number="111" hits="0" branch="true" condition-coverage="0 % (0/2)">
									<conditions>
										<condition number="0" type="jump" coverage="0 %"/>
									</conditions>
								</line>
								<line number="112" hits="0" branch="true" condition-coverage="0 % (0/2)">
									<conditions>
										<condition number="0" type="jump" coverage="0 %"/>
									</conditions>
								</line>
								<line number="113" hits="0" branch="false"/>
								<line number="116" hits="0" branch="true" condition-coverage="0 % (0/2)">
									<conditions>
										<condition number="0" type="jump" coverage="0 %"/>
									</conditions>
								</line>
								<line number="117" hits="0" branch="false"/>
								<line number="119" hits="0" branch="false"/>
							</lines>
						</method>
						<method name="getData" signature="()Ljava/util/List;" line-rate="1.0" branch-rate="1.0" complexity="0">
							<lines>
								<line number="45" hits="33" branch="false"/>
							</lines>
						</method>
						<method name="getTotal" signature="()Ljava/lang/Number;" line-rate="1.0" branch-rate="1.0" complexity="0">
							<lines>
								<line number="61" hits="30" branch="false"/>
							</lines>
						</method>
						<method name="hashCode" signature="()I" line-rate="0.0" branch-rate="0.0" complexity="0">
							<lines>
								<line number="77" hits="0" branch="false"/>
								<line number="78" hits="0" branch="false"/>
								<line number="80" hits="0" branch="true" condition-coverage="0 % (0/2)">
									<conditions>
										<condition number="0" type="jump" coverage="0 %"/>
									</conditions>
								</line>
								<line number="81" hits="0" branch="true" condition-coverage="0 % (0/2)">
									<conditions>
										<condition number="0" type="jump" coverage="0 %"/>
									</conditions>
								</line>
								<line number="83" hits="0" branch="false"/>
							</lines>
						</method>
						<method name="setData" signature="(Ljava/util/List;)V" line-rate="1.0" branch-rate="1.0" complexity="0">
							<lines>
								<line number="53" hits="36" branch="false"/>
								<line number="54" hits="36" branch="false"/>
							</lines>
						</method>
						<method name="setTotal" signature="(Ljava/lang/Number;)V" line-rate="1.0" branch-rate="1.0" complexity="0">
							<lines>
								<line number="69" hits="36" branch="false"/>
								<line number="70" hits="36" branch="false"/>
							</lines>
						</method>
					</methods>
					<lines>
						<line number="29" hits="48" branch="false"/>
						<line number="37" hits="36" branch="false"/>
						<line number="45" hits="33" branch="false"/>
						<line number="53" hits="36" branch="false"/>
						<line number="54" hits="36" branch="false"/>
						<line number="61" hits="30" branch="false"/>
						<line number="69" hits="36" branch="false"/>
						<line number="70" hits="36" branch="false"/>
						<line number="77" hits="0" branch="false"/>
						<line number="78" hits="0" branch="false"/>
						<line number="80" hits="0" branch="true" condition-coverage="0 % (0/2)">
							<conditions>
								<condition number="0" type="jump" coverage="0 %"/>
							</conditions>
						</line>
						<line number="81" hits="0" branch="true" condition-coverage="0 % (0/2)">
							<conditions>
								<condition number="0" type="jump" coverage="0 %"/>
							</conditions>
						</line>
						<line number="83" hits="0" branch="false"/>
						<line number="93" hits="6" branch="true" condition-coverage="50 % (1/2)">
							<conditions>
								<condition number="0" type="jump" coverage="50 %"/>
							</conditions>
						</line>
						<line number="94" hits="6" branch="false"/>
						<line number="96" hits="0" branch="true" condition-coverage="0 % (0/2)">
							<conditions>
								<condition number="0" type="jump" coverage="0 %"/>
							</conditions>
						</line>
						<line number="97" hits="0" branch="false"/>
						<line number="99" hits="0" branch="true" condition-coverage="0 % (0/2)">
							<conditions>
								<condition number="0" type="jump" coverage="0 %"/>
							</conditions>
						</line>
						<line number="100" hits="0" branch="false"/>
						<line number="102" hits="0" branch="false"/>
						<line number="103" hits="0" branch="true" condition-coverage="0 % (0/2)">
							<conditions>
								<condition number="0" type="jump" coverage="0 %"/>
							</conditions>
						</line>
						<line number="104" hits="0" branch="true" condition-coverage="0 % (0/2)">
							<conditions>
								<condition number="0" type="jump" coverage="0 %"/>
							</conditions>
						</line>
						<line number="105" hits="0" branch="false"/>
						<line number="108" hits="0" branch="true" condition-coverage="0 % (0/2)">
							<conditions>
								<condition number="0" type="jump" coverage="0 %"/>
							</conditions>
						</line>
						<line number="109" hits="0" branch="false"/>
						<line number="111" hits="0" branch="true" condition-coverage="0 % (0/2)">
							<conditions>
								<condition number="0" type="jump" coverage="0 %"/>
							</conditions>
						</line>
						<line number="112" hits="0" branch="true" condition-coverage="0 % (0/2)">
							<conditions>
								<condition number="0" type="jump" coverage="0 %"/>
							</conditions>
						</line>
						<line number="113" hits="0" branch="false"/>
						<line number="116" hits="0" branch="true" condition-coverage="0 % (0/2)">
							<conditions>
								<condition number="0" type="jump" coverage="0 %"/>
							</conditions>
						</line>
						<line number="117" hits="0" branch="false"/>
						<line number="119" hits="0" branch="false"/>
					</lines>
				</class>
				<class name="org.legurun.test.fakemailserver.utils.SortOrder" filename="org/legurun/test/fakemailserver/utils/SortOrder.java" line-rate="0.0" branch-rate="1.0" complexity="5.0">
					<methods>
						<method name="&lt;clinit&gt;" signature="()V" line-rate="0.0" branch-rate="1.0" complexity="0">
							<lines>
								<line number="29" hits="0" branch="false"/>
								<line number="32" hits="0" branch="false"/>
								<line number="33" hits="0" branch="false"/>
								<line number="36" hits="0" branch="false"/>
							</lines>
						</method>
						<method name="&lt;init&gt;" signature="(Ljava/lang/String;I)V" line-rate="0.0" branch-rate="1.0" complexity="0">
							<lines>
								<line number="28" hits="0" branch="false"/>
							</lines>
						</method>
						<method name="valueOf" signature="(Ljava/lang/String;)Lorg/legurun/test/fakemailserver/utils/SortOrder;" line-rate="0.0" branch-rate="1.0" complexity="0">
							<lines>
								<line number="1" hits="0" branch="false"/>
							</lines>
						</method>
						<method name="values" signature="()[Lorg/legurun/test/fakemailserver/utils/SortOrder;" line-rate="1.0" branch-rate="1.0" complexity="0">
							<lines>
							</lines>
						</method>
					</methods>
					<lines>
						<line number="1" hits="0" branch="false"/>
						<line number="28" hits="0" branch="false"/>
						<line number="29" hits="0" branch="false"/>
						<line number="32" hits="0" branch="false"/>
						<line number="33" hits="0" branch="false"/>
						<line number="36" hits="0" branch="false"/>
					</lines>
				</class>
				<class name="org.legurun.test.fakemailserver.utils.SortOrder$OrderConverter" filename="org/legurun/test/fakemailserver/utils/SortOrder.java" line-rate="0.14285714285714285" branch-rate="0.0" complexity="5.0">
					<methods>
						<method name="&lt;init&gt;" signature="()V" line-rate="1.0" branch-rate="1.0" complexity="0">
							<lines>
								<line number="43" hits="3" branch="false"/>
							</lines>
						</method>
						<method name="convert" signature="(Ljava/lang/Object;)Ljava/lang/Object;" line-rate="0.0" branch-rate="1.0" complexity="0">
							<lines>
								<line number="1" hits="0" branch="false"/>
							</lines>
						</method>
						<method name="convert" signature="(Ljava/lang/String;)Lorg/legurun/test/fakemailserver/utils/SortOrder;" line-rate="0.0" branch-rate="0.0" complexity="0">
							<lines>
								<line number="52" hits="0" branch="true" condition-coverage="0 % (0/2)">
									<conditions>
										<condition number="0" type="jump" coverage="0 %"/>
									</conditions>
								</line>
								<line number="53" hits="0" branch="false"/>
								<line number="55" hits="0" branch="true" condition-coverage="0 % (0/2)">
									<conditions>
										<condition number="0" type="jump" coverage="0 %"/>
									</conditions>
								</line>
								<line number="56" hits="0" branch="false"/>
								<line number="59" hits="0" branch="false"/>
							</lines>
						</method>
					</methods>
					<lines>
						<line number="1" hits="0" branch="false"/>
						<line number="43" hits="3" branch="false"/>
						<line number="52" hits="0" branch="true" condition-coverage="0 % (0/2)">
							<conditions>
								<condition number="0" type="jump" coverage="0 %"/>
							</conditions>
						</line>
						<line number="53" hits="0" branch="false"/>
						<line number="55" hits="0" branch="true" condition-coverage="0 % (0/2)">
							<conditions>
								<condition number="0" type="jump" coverage="0 %"/>
							</conditions>
						</line>
						<line number="56" hits="0" branch="false"/>
						<line number="59" hits="0" branch="false"/>
					</lines>
				</class>
				<class name="org.legurun.test.fakemailserver.utils.package-info" filename="org/legurun/test/fakemailserver/utils/package-info.java" line-rate="1.0" branch-rate="1.0" complexity="0.0">
					<methods>
					</methods>
					<lines>
					</lines>
				</class>
			</classes>
		</package>
	</packages>
</coverage>
